#
# There is insufficient memory for the Java Runtime Environment to continue.
# Native memory allocation (mmap) failed to map 49283072 bytes. Error detail: G1 virtual space
# Possible reasons:
#   The system is out of physical RAM or swap space
#   This process is running with CompressedOops enabled, and the Java Heap may be blocking the growth of the native heap
# Possible solutions:
#   Reduce memory load on the system
#   Increase physical memory or swap space
#   Check if swap backing store is full
#   Decrease Java heap size (-Xmx/-Xms)
#   Decrease number of Java threads
#   Decrease Java thread stack sizes (-Xss)
#   Set larger code cache with -XX:ReservedCodeCacheSize=
#   JVM is running with Unscaled Compressed Oops mode in which the Java heap is
#     placed in the first 4GB address space. The Java Heap base address is the
#     maximum limit for the native heap growth. Please use -XX:HeapBaseMinAddress
#     to set the Java Heap base and to place the Java Heap above 4GB virtual address.
# This output file may be truncated or incomplete.
#
#  Out of Memory Error (os_windows.cpp:3564), pid=3712, tid=1428
#
# JRE version: Java(TM) SE Runtime Environment (24.0.1+9) (build 24.0.1+9-30)
# Java VM: Java HotSpot(TM) 64-Bit Server VM (24.0.1+9-30, mixed mode, sharing, tiered, compressed oops, compressed class ptrs, g1 gc, windows-amd64)
# No core dump will be written. Minidumps are not enabled by default on client versions of Windows
#

---------------  S U M M A R Y ------------

Command Line: -agentlib:jdwp=transport=dt_socket,address=127.0.0.1:49546,suspend=y,server=n -javaagent:C:\Users\Dell\AppData\Local\JetBrains\IdeaIC2024.3\captureAgent\debugger-agent.jar -Dkotlinx.coroutines.debug.enable.creation.stack.trace=false -Ddebugger.agent.enable.coroutines=true -Dkotlinx.coroutines.debug.enable.flows.stack.trace=true -Dkotlinx.coroutines.debug.enable.mutable.state.flows.stack.trace=true -Dfile.encoding=UTF-8 -Dsun.stdout.encoding=UTF-8 -Dsun.stderr.encoding=UTF-8 com.example.dictionary.DictionaryOptimiser.DictionaryOptimiserApplication

Host: Intel(R) Core(TM) i5-6300U CPU @ 2.40GHz, 4 cores, 7G,  Windows 10 , 64 bit Build 19041 (10.0.19041.5678)
Time: Mon May 12 18:54:53 2025 India Standard Time elapsed time: 7.663437 seconds (0d 0h 0m 7s)

---------------  T H R E A D  ---------------

Current thread (0x000001c17e870c80):  VMThread "VM Thread"          [id=1428, stack(0x00000099b4200000,0x00000099b4300000) (1024K)]

Stack: [0x00000099b4200000,0x00000099b4300000]
Native frames: (J=compiled Java code, j=interpreted, Vv=VM code, C=native code)
V  [jvm.dll+0x730739]  (no source info available)
V  [jvm.dll+0x8d9b23]  (no source info available)
V  [jvm.dll+0x8dc00d]  (no source info available)
V  [jvm.dll+0x8dc683]  (no source info available)
V  [jvm.dll+0x2aa086]  (no source info available)
V  [jvm.dll+0x72cc65]  (no source info available)
V  [jvm.dll+0x72059a]  (no source info available)
V  [jvm.dll+0x390cea]  (no source info available)
V  [jvm.dll+0x3989f6]  (no source info available)
V  [jvm.dll+0x38523e]  (no source info available)
V  [jvm.dll+0x3854f8]  (no source info available)
V  [jvm.dll+0x35d0cc]  (no source info available)
V  [jvm.dll+0x35d15a]  (no source info available)
V  [jvm.dll+0x3aa702]  (no source info available)
V  [jvm.dll+0x3a8d82]  (no source info available)
V  [jvm.dll+0x35c897]  (no source info available)
V  [jvm.dll+0x3a8534]  (no source info available)
V  [jvm.dll+0x8e2742]  (no source info available)
V  [jvm.dll+0x8e3a8c]  (no source info available)
V  [jvm.dll+0x8e3ff8]  (no source info available)
V  [jvm.dll+0x8e4293]  (no source info available)
V  [jvm.dll+0x87d76b]  (no source info available)
V  [jvm.dll+0x72ee55]  (no source info available)
C  [ucrtbase.dll+0x21bb2]  (no source info available)
C  [KERNEL32.DLL+0x17374]  (no source info available)
C  [ntdll.dll+0x4cc91]  (no source info available)

VM_Operation (0x00000099b3bfcd80): G1CollectForAllocation, mode: safepoint, requested by thread 0x000001c170fc9ba0


---------------  P R O C E S S  ---------------

Threads class SMR info:
_java_thread_list=0x000001c15c2c4100, length=18, elements={
0x000001c170fc9ba0, 0x000001c17e882de0, 0x000001c17e884aa0, 0x000001c17e886f20,
0x000001c17e887e60, 0x000001c17e88ad70, 0x000001c17e891d10, 0x000001c17e8a2080,
0x000001c17e8a5830, 0x000001c1561f74f0, 0x000001c1561f9c50, 0x000001c1561fc7c0,
0x000001c17e8948f0, 0x000001c17e893300, 0x000001c156513530, 0x000001c15ea44a20,
0x000001c15ea458c0, 0x000001c15ea46eb0
}

Java Threads: ( => current thread )
  0x000001c170fc9ba0 JavaThread "main"                              [_thread_blocked, id=8460, stack(0x00000099b3b00000,0x00000099b3c00000) (1024K)]
  0x000001c17e882de0 JavaThread "Reference Handler"          daemon [_thread_blocked, id=11184, stack(0x00000099b4300000,0x00000099b4400000) (1024K)]
  0x000001c17e884aa0 JavaThread "Finalizer"                  daemon [_thread_blocked, id=5432, stack(0x00000099b4400000,0x00000099b4500000) (1024K)]
  0x000001c17e886f20 JavaThread "Signal Dispatcher"          daemon [_thread_blocked, id=10228, stack(0x00000099b4500000,0x00000099b4600000) (1024K)]
  0x000001c17e887e60 JavaThread "Attach Listener"            daemon [_thread_blocked, id=10068, stack(0x00000099b4600000,0x00000099b4700000) (1024K)]
  0x000001c17e88ad70 JavaThread "Service Thread"             daemon [_thread_blocked, id=10624, stack(0x00000099b4700000,0x00000099b4800000) (1024K)]
  0x000001c17e891d10 JavaThread "Monitor Deflation Thread"   daemon [_thread_blocked, id=4104, stack(0x00000099b4800000,0x00000099b4900000) (1024K)]
  0x000001c17e8a2080 JavaThread "C2 CompilerThread0"         daemon [_thread_blocked, id=9400, stack(0x00000099b4900000,0x00000099b4a00000) (1024K)]
  0x000001c17e8a5830 JavaThread "C1 CompilerThread0"         daemon [_thread_blocked, id=2952, stack(0x00000099b4a00000,0x00000099b4b00000) (1024K)]
  0x000001c1561f74f0 JavaThread "JDWP Transport Listener: dt_socket" daemon [_thread_blocked, id=3076, stack(0x00000099b4b00000,0x00000099b4c00000) (1024K)]
  0x000001c1561f9c50 JavaThread "JDWP Event Helper Thread"   daemon [_thread_blocked, id=11220, stack(0x00000099b4c00000,0x00000099b4d00000) (1024K)]
  0x000001c1561fc7c0 JavaThread "JDWP Command Reader"        daemon [_thread_in_native, id=14808, stack(0x00000099b4d00000,0x00000099b4e00000) (1024K)]
  0x000001c17e8948f0 JavaThread "Notification Thread"        daemon [_thread_blocked, id=16048, stack(0x00000099b4e00000,0x00000099b4f00000) (1024K)]
  0x000001c17e893300 JavaThread "Common-Cleaner"             daemon [_thread_blocked, id=3732, stack(0x00000099b4f00000,0x00000099b5000000) (1024K)]
  0x000001c156513530 JavaThread "C2 CompilerThread1"         daemon [_thread_blocked, id=15532, stack(0x00000099b5000000,0x00000099b5100000) (1024K)]
  0x000001c15ea44a20 JavaThread "Catalina-utility-1"                [_thread_blocked, id=13104, stack(0x00000099b5400000,0x00000099b5500000) (1024K)]
  0x000001c15ea458c0 JavaThread "Catalina-utility-2"                [_thread_blocked, id=736, stack(0x00000099b5500000,0x00000099b5600000) (1024K)]
  0x000001c15ea46eb0 JavaThread "container-0"                       [_thread_blocked, id=2616, stack(0x00000099b5600000,0x00000099b5700000) (1024K)]
Total: 18

Other Threads:
=>0x000001c17e870c80 VMThread "VM Thread"                           [id=1428, stack(0x00000099b4200000,0x00000099b4300000) (1024K)]
  0x000001c17e863200 WatcherThread "VM Periodic Task Thread"        [id=14452, stack(0x00000099b4100000,0x00000099b4200000) (1024K)]
  0x000001c173323980 WorkerThread "GC Thread#0"                     [id=10964, stack(0x00000099b3c00000,0x00000099b3d00000) (1024K)]
  0x000001c157357710 WorkerThread "GC Thread#1"                     [id=10348, stack(0x00000099b5100000,0x00000099b5200000) (1024K)]
  0x000001c1573564a0 WorkerThread "GC Thread#2"                     [id=9996, stack(0x00000099b5200000,0x00000099b5300000) (1024K)]
  0x000001c157357ac0 WorkerThread "GC Thread#3"                     [id=2328, stack(0x00000099b5300000,0x00000099b5400000) (1024K)]
  0x000001c17333a0e0 ConcurrentGCThread "G1 Main Marker"            [id=10680, stack(0x00000099b3d00000,0x00000099b3e00000) (1024K)]
  0x000001c17333b390 WorkerThread "G1 Conc#0"                       [id=14532, stack(0x00000099b3e00000,0x00000099b3f00000) (1024K)]
  0x000001c17338dac0 ConcurrentGCThread "G1 Refine#0"               [id=1316, stack(0x00000099b3f00000,0x00000099b4000000) (1024K)]
  0x000001c17338e6c0 ConcurrentGCThread "G1 Service"                [id=10808, stack(0x00000099b4000000,0x00000099b4100000) (1024K)]
Total: 10

Threads with active compile tasks:
Total: 0

VM state: at safepoint (normal execution)

VM Mutex/Monitor currently owned by a thread:  ([mutex/lock_event])
[0x00007fffdd0544b0] Threads_lock - owner thread: 0x000001c17e870c80
[0x00007fffdd0545b0] Heap_lock - owner thread: 0x000001c170fc9ba0

Heap address: 0x0000000082a00000, size: 2006 MB, Compressed Oops mode: 32-bit

CDS archive(s) mapped at: [0x000001c111000000-0x000001c111d40000-0x000001c111d40000), size 13893632, SharedBaseAddress: 0x000001c111000000, ArchiveRelocationMode: 1.
Compressed class space mapped at: 0x000001c112000000-0x000001c152000000, reserved size: 1073741824
UseCompressedClassPointers 1, UseCompactObjectHeaders 0
Narrow klass pointer bits 32, Max shift 3
Narrow klass base: 0x000001c111000000, Narrow klass shift: 0
Encoding Range: [0x000001c111000000 - 0x000001c211000000), (4294967296 bytes)
Klass Range:    [0x000001c111000000 - 0x000001c152000000), (1090519040 bytes)
Klass ID Range:  [8 - 1090519033) (1090519025)

GC Precious Log:
 CardTable entry size: 512
 Card Set container configuration: InlinePtr #cards 5 size 8 Array Of Cards #cards 10 size 36 Howl #buckets 4 coarsen threshold 1843 Howl Bitmap #cards 512 size 80 coarsen threshold 460 Card regions per heap region 1 cards per card region 2048
 CPUs: 4 total, 4 available
 Memory: 8018M
 Large Page Support: Disabled
 NUMA Support: Disabled
 Compressed Oops: Enabled (32-bit)
 Heap Region Size: 1M
 Heap Min Capacity: 8M
 Heap Initial Capacity: 126M
 Heap Max Capacity: 2006M
 Pre-touch: Disabled
 Parallel Workers: 4
 Concurrent Workers: 1
 Concurrent Refinement Workers: 4
 Periodic GC: Disabled

Heap:
 garbage-first heap   total reserved 2054144K, committed 82944K, used 36651K [0x0000000082a00000, 0x0000000100000000)
  region size 1024K, 3 young (3072K), 3 survivors (3072K)
 Metaspace       used 37796K, committed 38208K, reserved 1114112K
  class space    used 3686K, committed 3904K, reserved 1048576K

Heap Regions: E=young(eden), S=young(survivor), O=old, HS=humongous(starts), HC=humongous(continues), CS=collection set, F=free, TAMS=top-at-mark-start, PB=parsable bottom
|   0|0x0000000082a00000, 0x0000000082b00000, 0x0000000082b00000|100%|HS|  |TAMS 0x0000000082a00000| PB 0x0000000082a00000| Complete |  0
|   1|0x0000000082b00000, 0x0000000082c00000, 0x0000000082c00000|100%|HS|  |TAMS 0x0000000082b00000| PB 0x0000000082b00000| Complete |  0
|   2|0x0000000082c00000, 0x0000000082d00000, 0x0000000082d00000|100%| O|  |TAMS 0x0000000082c00000| PB 0x0000000082c00000| Untracked |  0
|   3|0x0000000082d00000, 0x0000000082e00000, 0x0000000082e00000|100%| O|  |TAMS 0x0000000082d00000| PB 0x0000000082d00000| Untracked |  0
|   4|0x0000000082e00000, 0x0000000082f00000, 0x0000000082f00000|100%| O|  |TAMS 0x0000000082e00000| PB 0x0000000082e00000| Untracked |  0
|   5|0x0000000082f00000, 0x0000000083000000, 0x0000000083000000|100%| O|  |TAMS 0x0000000082f00000| PB 0x0000000082f00000| Untracked |  0
|   6|0x0000000083000000, 0x0000000083100000, 0x0000000083100000|100%| O|  |TAMS 0x0000000083000000| PB 0x0000000083000000| Untracked |  0
|   7|0x0000000083100000, 0x0000000083200000, 0x0000000083200000|100%| O|  |TAMS 0x0000000083100000| PB 0x0000000083100000| Untracked |  0
|   8|0x0000000083200000, 0x0000000083300000, 0x0000000083300000|100%| O|  |TAMS 0x0000000083200000| PB 0x0000000083200000| Untracked |  0
|   9|0x0000000083300000, 0x0000000083400000, 0x0000000083400000|100%| O|  |TAMS 0x0000000083300000| PB 0x0000000083300000| Untracked |  0
|  10|0x0000000083400000, 0x0000000083500000, 0x0000000083500000|100%| O|  |TAMS 0x0000000083400000| PB 0x0000000083400000| Untracked |  0
|  11|0x0000000083500000, 0x0000000083600000, 0x0000000083600000|100%| O|  |TAMS 0x0000000083500000| PB 0x0000000083500000| Untracked |  0
|  12|0x0000000083600000, 0x0000000083700000, 0x0000000083700000|100%| O|  |TAMS 0x0000000083600000| PB 0x0000000083600000| Untracked |  0
|  13|0x0000000083700000, 0x0000000083800000, 0x0000000083800000|100%| O|  |TAMS 0x0000000083700000| PB 0x0000000083700000| Untracked |  0
|  14|0x0000000083800000, 0x0000000083900000, 0x0000000083900000|100%| O|  |TAMS 0x0000000083800000| PB 0x0000000083800000| Untracked |  0
|  15|0x0000000083900000, 0x0000000083a00000, 0x0000000083a00000|100%| O|  |TAMS 0x0000000083900000| PB 0x0000000083900000| Untracked |  0
|  16|0x0000000083a00000, 0x0000000083b00000, 0x0000000083b00000|100%| O|  |TAMS 0x0000000083a00000| PB 0x0000000083a00000| Untracked |  0
|  17|0x0000000083b00000, 0x0000000083b00000, 0x0000000083c00000|  0%| F|  |TAMS 0x0000000083b00000| PB 0x0000000083b00000| Untracked |  0
|  18|0x0000000083c00000, 0x0000000083d00000, 0x0000000083d00000|100%| O|  |TAMS 0x0000000083c00000| PB 0x0000000083c00000| Untracked |  0
|  19|0x0000000083d00000, 0x0000000083e00000, 0x0000000083e00000|100%| O|  |TAMS 0x0000000083d00000| PB 0x0000000083d00000| Untracked |  0
|  20|0x0000000083e00000, 0x0000000083f00000, 0x0000000083f00000|100%| O|  |TAMS 0x0000000083e00000| PB 0x0000000083e00000| Untracked |  0
|  21|0x0000000083f00000, 0x0000000084000000, 0x0000000084000000|100%| O|  |TAMS 0x0000000083f00000| PB 0x0000000083f00000| Untracked |  0
|  22|0x0000000084000000, 0x0000000084100000, 0x0000000084100000|100%| O|  |TAMS 0x0000000084000000| PB 0x0000000084000000| Untracked |  0
|  23|0x0000000084100000, 0x0000000084200000, 0x0000000084200000|100%| O|  |TAMS 0x0000000084100000| PB 0x0000000084100000| Untracked |  0
|  24|0x0000000084200000, 0x0000000084300000, 0x0000000084300000|100%| O|  |TAMS 0x0000000084200000| PB 0x0000000084200000| Untracked |  0
|  25|0x0000000084300000, 0x0000000084400000, 0x0000000084400000|100%| O|  |TAMS 0x0000000084300000| PB 0x0000000084300000| Untracked |  0
|  26|0x0000000084400000, 0x0000000084500000, 0x0000000084500000|100%| O|  |TAMS 0x0000000084400000| PB 0x0000000084400000| Untracked |  0
|  27|0x0000000084500000, 0x0000000084600000, 0x0000000084600000|100%| O|  |TAMS 0x0000000084500000| PB 0x0000000084500000| Untracked |  0
|  28|0x0000000084600000, 0x0000000084700000, 0x0000000084700000|100%| O|  |TAMS 0x0000000084600000| PB 0x0000000084600000| Untracked |  0
|  29|0x0000000084700000, 0x0000000084800000, 0x0000000084800000|100%| O|  |TAMS 0x0000000084700000| PB 0x0000000084700000| Untracked |  0
|  30|0x0000000084800000, 0x0000000084900000, 0x0000000084900000|100%| O|  |TAMS 0x0000000084800000| PB 0x0000000084800000| Untracked |  0
|  31|0x0000000084900000, 0x0000000084a00000, 0x0000000084a00000|100%| O|  |TAMS 0x0000000084900000| PB 0x0000000084900000| Untracked |  0
|  32|0x0000000084a00000, 0x0000000084b00000, 0x0000000084b00000|100%| O|  |TAMS 0x0000000084a00000| PB 0x0000000084a00000| Untracked |  0
|  33|0x0000000084b00000, 0x0000000084b98d78, 0x0000000084c00000| 59%| O|  |TAMS 0x0000000084b00000| PB 0x0000000084b00000| Untracked |  0
|  34|0x0000000084c00000, 0x0000000084c32050, 0x0000000084d00000| 19%| S|CS|TAMS 0x0000000084c00000| PB 0x0000000084c00000| Complete |  0
|  35|0x0000000084d00000, 0x0000000084e00000, 0x0000000084e00000|100%| S|CS|TAMS 0x0000000084d00000| PB 0x0000000084d00000| Complete |  0
|  36|0x0000000084e00000, 0x0000000084f00000, 0x0000000084f00000|100%| S|CS|TAMS 0x0000000084e00000| PB 0x0000000084e00000| Complete |  0
|  37|0x0000000084f00000, 0x0000000084f00000, 0x0000000085000000|  0%| F|  |TAMS 0x0000000084f00000| PB 0x0000000084f00000| Untracked |  0
|  38|0x0000000085000000, 0x0000000085000000, 0x0000000085100000|  0%| F|  |TAMS 0x0000000085000000| PB 0x0000000085000000| Untracked |  0
|  39|0x0000000085100000, 0x0000000085100000, 0x0000000085200000|  0%| F|  |TAMS 0x0000000085100000| PB 0x0000000085100000| Untracked |  0
|  40|0x0000000085200000, 0x0000000085200000, 0x0000000085300000|  0%| F|  |TAMS 0x0000000085200000| PB 0x0000000085200000| Untracked |  0
|  41|0x0000000085300000, 0x0000000085300000, 0x0000000085400000|  0%| F|  |TAMS 0x0000000085300000| PB 0x0000000085300000| Untracked |  0
|  42|0x0000000085400000, 0x0000000085400000, 0x0000000085500000|  0%| F|  |TAMS 0x0000000085400000| PB 0x0000000085400000| Untracked |  0
|  43|0x0000000085500000, 0x0000000085500000, 0x0000000085600000|  0%| F|  |TAMS 0x0000000085500000| PB 0x0000000085500000| Untracked |  0
|  44|0x0000000085600000, 0x0000000085600000, 0x0000000085700000|  0%| F|  |TAMS 0x0000000085600000| PB 0x0000000085600000| Untracked |  0
|  45|0x0000000085700000, 0x0000000085700000, 0x0000000085800000|  0%| F|  |TAMS 0x0000000085700000| PB 0x0000000085700000| Untracked |  0
|  46|0x0000000085800000, 0x0000000085800000, 0x0000000085900000|  0%| F|  |TAMS 0x0000000085800000| PB 0x0000000085800000| Untracked |  0
|  47|0x0000000085900000, 0x0000000085900000, 0x0000000085a00000|  0%| F|  |TAMS 0x0000000085900000| PB 0x0000000085900000| Untracked |  0
|  48|0x0000000085a00000, 0x0000000085a00000, 0x0000000085b00000|  0%| F|  |TAMS 0x0000000085a00000| PB 0x0000000085a00000| Untracked |  0
|  49|0x0000000085b00000, 0x0000000085b00000, 0x0000000085c00000|  0%| F|  |TAMS 0x0000000085b00000| PB 0x0000000085b00000| Untracked |  0
|  50|0x0000000085c00000, 0x0000000085c00000, 0x0000000085d00000|  0%| F|  |TAMS 0x0000000085c00000| PB 0x0000000085c00000| Untracked |  0
|  51|0x0000000085d00000, 0x0000000085d00000, 0x0000000085e00000|  0%| F|  |TAMS 0x0000000085d00000| PB 0x0000000085d00000| Untracked |  0
|  52|0x0000000085e00000, 0x0000000085e00000, 0x0000000085f00000|  0%| F|  |TAMS 0x0000000085e00000| PB 0x0000000085e00000| Untracked |  0
|  53|0x0000000085f00000, 0x0000000085f00000, 0x0000000086000000|  0%| F|  |TAMS 0x0000000085f00000| PB 0x0000000085f00000| Untracked |  0
|  54|0x0000000086000000, 0x0000000086000000, 0x0000000086100000|  0%| F|  |TAMS 0x0000000086000000| PB 0x0000000086000000| Untracked |  0
|  55|0x0000000086100000, 0x0000000086100000, 0x0000000086200000|  0%| F|  |TAMS 0x0000000086100000| PB 0x0000000086100000| Untracked |  0
|  56|0x0000000086200000, 0x0000000086200000, 0x0000000086300000|  0%| F|  |TAMS 0x0000000086200000| PB 0x0000000086200000| Untracked |  0
|  57|0x0000000086300000, 0x0000000086300000, 0x0000000086400000|  0%| F|  |TAMS 0x0000000086300000| PB 0x0000000086300000| Untracked |  0
|  58|0x0000000086400000, 0x0000000086400000, 0x0000000086500000|  0%| F|  |TAMS 0x0000000086400000| PB 0x0000000086400000| Untracked |  0
|  59|0x0000000086500000, 0x0000000086500000, 0x0000000086600000|  0%| F|  |TAMS 0x0000000086500000| PB 0x0000000086500000| Untracked |  0
|  60|0x0000000086600000, 0x0000000086600000, 0x0000000086700000|  0%| F|  |TAMS 0x0000000086600000| PB 0x0000000086600000| Untracked |  0
|  61|0x0000000086700000, 0x0000000086700000, 0x0000000086800000|  0%| F|  |TAMS 0x0000000086700000| PB 0x0000000086700000| Untracked |  0
|  62|0x0000000086800000, 0x0000000086800000, 0x0000000086900000|  0%| F|  |TAMS 0x0000000086800000| PB 0x0000000086800000| Untracked |  0
|  63|0x0000000086900000, 0x0000000086900000, 0x0000000086a00000|  0%| F|  |TAMS 0x0000000086900000| PB 0x0000000086900000| Untracked |  0
|  64|0x0000000086a00000, 0x0000000086a00000, 0x0000000086b00000|  0%| F|  |TAMS 0x0000000086a00000| PB 0x0000000086a00000| Untracked |  0
|  65|0x0000000086b00000, 0x0000000086b00000, 0x0000000086c00000|  0%| F|  |TAMS 0x0000000086b00000| PB 0x0000000086b00000| Untracked |  0
|  66|0x0000000086c00000, 0x0000000086c00000, 0x0000000086d00000|  0%| F|  |TAMS 0x0000000086c00000| PB 0x0000000086c00000| Untracked |  0
|  67|0x0000000086d00000, 0x0000000086d00000, 0x0000000086e00000|  0%| F|  |TAMS 0x0000000086d00000| PB 0x0000000086d00000| Untracked |  0
|  68|0x0000000086e00000, 0x0000000086e00000, 0x0000000086f00000|  0%| F|  |TAMS 0x0000000086e00000| PB 0x0000000086e00000| Untracked |  0
|  69|0x0000000086f00000, 0x0000000086f00000, 0x0000000087000000|  0%| F|  |TAMS 0x0000000086f00000| PB 0x0000000086f00000| Untracked |  0
|  70|0x0000000087000000, 0x0000000087000000, 0x0000000087100000|  0%| F|  |TAMS 0x0000000087000000| PB 0x0000000087000000| Untracked |  0
|  71|0x0000000087100000, 0x0000000087100000, 0x0000000087200000|  0%| F|  |TAMS 0x0000000087100000| PB 0x0000000087100000| Untracked |  0
|  72|0x0000000087200000, 0x0000000087200000, 0x0000000087300000|  0%| F|  |TAMS 0x0000000087200000| PB 0x0000000087200000| Untracked |  0
|  73|0x0000000087300000, 0x0000000087300000, 0x0000000087400000|  0%| F|  |TAMS 0x0000000087300000| PB 0x0000000087300000| Untracked |  0
|  74|0x0000000087400000, 0x0000000087400000, 0x0000000087500000|  0%| F|  |TAMS 0x0000000087400000| PB 0x0000000087400000| Untracked |  0
|  75|0x0000000087500000, 0x0000000087500000, 0x0000000087600000|  0%| F|  |TAMS 0x0000000087500000| PB 0x0000000087500000| Untracked |  0
|  76|0x0000000087600000, 0x0000000087600000, 0x0000000087700000|  0%| F|  |TAMS 0x0000000087600000| PB 0x0000000087600000| Untracked |  0
| 124|0x000000008a600000, 0x000000008a600000, 0x000000008a700000|  0%| F|  |TAMS 0x000000008a600000| PB 0x000000008a600000| Untracked |  0
| 125|0x000000008a700000, 0x000000008a700000, 0x000000008a800000|  0%| F|  |TAMS 0x000000008a700000| PB 0x000000008a700000| Untracked |  0
|2004|0x00000000ffe00000, 0x00000000fff00000, 0x00000000fff00000|100%| O|  |TAMS 0x00000000ffe00000| PB 0x00000000ffe00000| Untracked |  0
|2005|0x00000000fff00000, 0x00000000fff00000, 0x0000000100000000|  0%| F|  |TAMS 0x00000000fff00000| PB 0x00000000fff00000| Untracked |  0

Card table byte_map: [0x000001c17bf60000,0x000001c17c350000] _byte_map_base: 0x000001c17bb4b000

Marking Bits: (CMBitMap*) 0x000001c173325cb0
 Bits: [0x000001c17c350000, 0x000001c17e2a8000)

Polling page: 0x000001c171280000

Metaspace:

Usage:
  Non-class:     33.31 MB used.
      Class:      3.60 MB used.
       Both:     36.91 MB used.

Virtual space:
  Non-class space:       64.00 MB reserved,      33.50 MB ( 52%) committed,  1 nodes.
      Class space:        1.00 GB reserved,       3.81 MB ( <1%) committed,  1 nodes.
             Both:        1.06 GB reserved,      37.31 MB (  3%) committed. 

Chunk freelists:
   Non-Class:  14.39 MB
       Class:  12.23 MB
        Both:  26.62 MB

MaxMetaspaceSize: unlimited
CompressedClassSpaceSize: 1.00 GB
Initial GC threshold: 21.00 MB
Current GC threshold: 62.19 MB
CDS: on
 - commit_granule_bytes: 65536.
 - commit_granule_words: 8192.
 - virtual_space_node_default_size: 8388608.
 - enlarge_chunks_in_place: 1.
UseCompressedClassPointers 1, UseCompactObjectHeaders 0
Narrow klass pointer bits 32, Max shift 3
Narrow klass base: 0x000001c111000000, Narrow klass shift: 0
Encoding Range: [0x000001c111000000 - 0x000001c211000000), (4294967296 bytes)
Klass Range:    [0x000001c111000000 - 0x000001c152000000), (1090519040 bytes)
Klass ID Range:  [8 - 1090519033) (1090519025)


Internal statistics:

num_allocs_failed_limit: 6.
num_arena_births: 460.
num_arena_deaths: 0.
num_vsnodes_births: 2.
num_vsnodes_deaths: 0.
num_space_committed: 597.
num_space_uncommitted: 0.
num_chunks_returned_to_freelist: 6.
num_chunks_taken_from_freelist: 1629.
num_chunk_merges: 6.
num_chunk_splits: 1094.
num_chunks_enlarged: 823.
num_inconsistent_stats: 0.

CodeHeap 'non-profiled nmethods': size=120064Kb used=1847Kb max_used=2022Kb free=118217Kb
 bounds [0x000001c107ac0000, 0x000001c107d30000, 0x000001c10f000000]
CodeHeap 'profiled nmethods': size=120000Kb used=7315Kb max_used=8302Kb free=112685Kb
 bounds [0x000001c100000000, 0x000001c100820000, 0x000001c107530000]
CodeHeap 'non-nmethods': size=5696Kb used=1469Kb max_used=1576Kb free=4226Kb
 bounds [0x000001c107530000, 0x000001c1077a0000, 0x000001c107ac0000]
CodeCache: size=245760Kb, used=10631Kb, max_used=11900Kb, free=235128Kb
 total_blobs=4805, nmethods=4233, adapters=477, full_count=0
Compilation: enabled, stopped_count=0, restarted_count=0

Compilation events (20 events):
Event: 7.533 Thread 0x000001c17e8a2080 nmethod 4848 0x000001c107cb5708 code [0x000001c107cb58c0, 0x000001c107cb66e8]
Event: 7.533 Thread 0x000001c17e8a2080 4845       4       java.nio.Buffer::position (52 bytes)
Event: 7.534 Thread 0x000001c17e8a2080 nmethod 4845 0x000001c107cb6808 code [0x000001c107cb6900, 0x000001c107cb69d8]
Event: 7.534 Thread 0x000001c17e8a2080 4850       4       java.nio.ByteBuffer::position (8 bytes)
Event: 7.535 Thread 0x000001c17e8a2080 nmethod 4850 0x000001c107cb6b08 code [0x000001c107cb6c00, 0x000001c107cb6ce8]
Event: 7.537 Thread 0x000001c156513530 nmethod 4533 0x000001c107cb6e08 code [0x000001c107cb7220, 0x000001c107cb9680]
Event: 7.557 Thread 0x000001c17e8a5830 4851       3       java.lang.StringUTF16::trim (85 bytes)
Event: 7.557 Thread 0x000001c17e8a5830 nmethod 4851 0x000001c10081b208 code [0x000001c10081b360, 0x000001c10081b878]
Event: 7.582 Thread 0x000001c17e8a5830 4852       3       sun.nio.cs.UTF_8$Decoder::decodeLoop (28 bytes)
Event: 7.583 Thread 0x000001c17e8a5830 nmethod 4852 0x000001c100016f88 code [0x000001c1000170e0, 0x000001c1000175c0]
Event: 7.584 Thread 0x000001c17e8a2080 4853       4       java.nio.ByteBuffer::position (6 bytes)
Event: 7.585 Thread 0x000001c17e8a2080 nmethod 4853 0x000001c107ace888 code [0x000001c107ace9a0, 0x000001c107aceac8]
Event: 7.607 Thread 0x000001c17e8a5830 4854   !   3       java.nio.charset.CharsetDecoder::decode (275 bytes)
Event: 7.609 Thread 0x000001c17e8a5830 nmethod 4854 0x000001c100532308 code [0x000001c1005325c0, 0x000001c100533df8]
Event: 7.610 Thread 0x000001c17e8a5830 4855       3       java.lang.String::decodeASCII (46 bytes)
Event: 7.610 Thread 0x000001c17e8a5830 nmethod 4855 0x000001c100005088 code [0x000001c1000051c0, 0x000001c100005470]
Event: 7.627 Thread 0x000001c17e8a2080 4856 %     4       java.lang.StringUTF16::compress @ 10 (56 bytes)
Event: 7.633 Thread 0x000001c17e8a2080 nmethod 4856% 0x000001c107b12a08 code [0x000001c107b12b20, 0x000001c107b12ea0]
Event: 7.648 Thread 0x000001c156513530 4857       4       sun.nio.cs.UTF_8::updatePositions (23 bytes)
Event: 7.649 Thread 0x000001c156513530 nmethod 4857 0x000001c107c03d88 code [0x000001c107c03ea0, 0x000001c107c03fb0]

GC Heap History (20 events):
Event: 4.260 GC heap after
{Heap after GC invocations=5 (full 0):
 garbage-first heap   total reserved 2054144K, committed 45056K, used 16232K [0x0000000082a00000, 0x0000000100000000)
  region size 1024K, 2 young (2048K), 2 survivors (2048K)
 Metaspace       used 26247K, committed 26496K, reserved 1114112K
  class space    used 2388K, committed 2496K, reserved 1048576K
}
Event: 4.900 GC heap before
{Heap before GC invocations=5 (full 0):
 garbage-first heap   total reserved 2054144K, committed 45056K, used 33640K [0x0000000082a00000, 0x0000000100000000)
  region size 1024K, 19 young (19456K), 2 survivors (2048K)
 Metaspace       used 28705K, committed 28992K, reserved 1114112K
  class space    used 2685K, committed 2816K, reserved 1048576K
}
Event: 4.908 GC heap after
{Heap after GC invocations=6 (full 0):
 garbage-first heap   total reserved 2054144K, committed 45056K, used 17808K [0x0000000082a00000, 0x0000000100000000)
  region size 1024K, 3 young (3072K), 3 survivors (3072K)
 Metaspace       used 28705K, committed 28992K, reserved 1114112K
  class space    used 2685K, committed 2816K, reserved 1048576K
}
Event: 5.597 GC heap before
{Heap before GC invocations=6 (full 0):
 garbage-first heap   total reserved 2054144K, committed 45056K, used 35216K [0x0000000082a00000, 0x0000000100000000)
  region size 1024K, 20 young (20480K), 3 survivors (3072K)
 Metaspace       used 32454K, committed 32832K, reserved 1114112K
  class space    used 3075K, committed 3264K, reserved 1048576K
}
Event: 5.609 GC heap after
{Heap after GC invocations=7 (full 0):
 garbage-first heap   total reserved 2054144K, committed 45056K, used 19023K [0x0000000082a00000, 0x0000000100000000)
  region size 1024K, 3 young (3072K), 3 survivors (3072K)
 Metaspace       used 32454K, committed 32832K, reserved 1114112K
  class space    used 3075K, committed 3264K, reserved 1048576K
}
Event: 6.163 GC heap before
{Heap before GC invocations=7 (full 0):
 garbage-first heap   total reserved 2054144K, committed 45056K, used 36431K [0x0000000082a00000, 0x0000000100000000)
  region size 1024K, 20 young (20480K), 3 survivors (3072K)
 Metaspace       used 34536K, committed 34944K, reserved 1114112K
  class space    used 3327K, committed 3520K, reserved 1048576K
}
Event: 6.176 GC heap after
{Heap after GC invocations=8 (full 0):
 garbage-first heap   total reserved 2054144K, committed 54272K, used 20611K [0x0000000082a00000, 0x0000000100000000)
  region size 1024K, 3 young (3072K), 3 survivors (3072K)
 Metaspace       used 34536K, committed 34944K, reserved 1114112K
  class space    used 3327K, committed 3520K, reserved 1048576K
}
Event: 6.330 GC heap before
{Heap before GC invocations=8 (full 0):
 garbage-first heap   total reserved 2054144K, committed 54272K, used 23683K [0x0000000082a00000, 0x0000000100000000)
  region size 1024K, 8 young (8192K), 3 survivors (3072K)
 Metaspace       used 35623K, committed 35968K, reserved 1114112K
  class space    used 3423K, committed 3584K, reserved 1048576K
}
Event: 6.339 GC heap after
{Heap after GC invocations=9 (full 0):
 garbage-first heap   total reserved 2054144K, committed 54272K, used 21262K [0x0000000082a00000, 0x0000000100000000)
  region size 1024K, 2 young (2048K), 2 survivors (2048K)
 Metaspace       used 35623K, committed 35968K, reserved 1114112K
  class space    used 3423K, committed 3584K, reserved 1048576K
}
Event: 7.151 GC heap before
{Heap before GC invocations=10 (full 0):
 garbage-first heap   total reserved 2054144K, committed 54272K, used 43790K [0x0000000082a00000, 0x0000000100000000)
  region size 1024K, 24 young (24576K), 2 survivors (2048K)
 Metaspace       used 37782K, committed 38208K, reserved 1114112K
  class space    used 3686K, committed 3904K, reserved 1048576K
}
Event: 7.157 GC heap after
{Heap after GC invocations=11 (full 0):
 garbage-first heap   total reserved 2054144K, committed 54272K, used 23172K [0x0000000082a00000, 0x0000000100000000)
  region size 1024K, 3 young (3072K), 3 survivors (3072K)
 Metaspace       used 37782K, committed 38208K, reserved 1114112K
  class space    used 3686K, committed 3904K, reserved 1048576K
}
Event: 7.315 GC heap before
{Heap before GC invocations=11 (full 0):
 garbage-first heap   total reserved 2054144K, committed 54272K, used 44676K [0x0000000082a00000, 0x0000000100000000)
  region size 1024K, 24 young (24576K), 3 survivors (3072K)
 Metaspace       used 37794K, committed 38208K, reserved 1114112K
  class space    used 3686K, committed 3904K, reserved 1048576K
}
Event: 7.322 GC heap after
{Heap after GC invocations=12 (full 0):
 garbage-first heap   total reserved 2054144K, committed 54272K, used 26529K [0x0000000082a00000, 0x0000000100000000)
  region size 1024K, 3 young (3072K), 3 survivors (3072K)
 Metaspace       used 37794K, committed 38208K, reserved 1114112K
  class space    used 3686K, committed 3904K, reserved 1048576K
}
Event: 7.397 GC heap before
{Heap before GC invocations=12 (full 0):
 garbage-first heap   total reserved 2054144K, committed 54272K, used 45985K [0x0000000082a00000, 0x0000000100000000)
  region size 1024K, 22 young (22528K), 3 survivors (3072K)
 Metaspace       used 37796K, committed 38208K, reserved 1114112K
  class space    used 3686K, committed 3904K, reserved 1048576K
}
Event: 7.403 GC heap after
{Heap after GC invocations=13 (full 0):
 garbage-first heap   total reserved 2054144K, committed 54272K, used 29827K [0x0000000082a00000, 0x0000000100000000)
  region size 1024K, 3 young (3072K), 3 survivors (3072K)
 Metaspace       used 37796K, committed 38208K, reserved 1114112K
  class space    used 3686K, committed 3904K, reserved 1048576K
}
Event: 7.509 GC heap before
{Heap before GC invocations=13 (full 0):
 garbage-first heap   total reserved 2054144K, committed 54272K, used 46211K [0x0000000082a00000, 0x0000000100000000)
  region size 1024K, 19 young (19456K), 3 survivors (3072K)
 Metaspace       used 37796K, committed 38208K, reserved 1114112K
  class space    used 3686K, committed 3904K, reserved 1048576K
}
Event: 7.515 GC heap after
{Heap after GC invocations=14 (full 0):
 garbage-first heap   total reserved 2054144K, committed 54272K, used 32604K [0x0000000082a00000, 0x0000000100000000)
  region size 1024K, 3 young (3072K), 3 survivors (3072K)
 Metaspace       used 37796K, committed 38208K, reserved 1114112K
  class space    used 3686K, committed 3904K, reserved 1048576K
}
Event: 7.589 GC heap before
{Heap before GC invocations=15 (full 0):
 garbage-first heap   total reserved 2054144K, committed 56320K, used 45916K [0x0000000082a00000, 0x0000000100000000)
  region size 1024K, 16 young (16384K), 3 survivors (3072K)
 Metaspace       used 37796K, committed 38208K, reserved 1114112K
  class space    used 3686K, committed 3904K, reserved 1048576K
}
Event: 7.593 GC heap after
{Heap after GC invocations=16 (full 0):
 garbage-first heap   total reserved 2054144K, committed 56320K, used 34780K [0x0000000082a00000, 0x0000000100000000)
  region size 1024K, 2 young (2048K), 2 survivors (2048K)
 Metaspace       used 37796K, committed 38208K, reserved 1114112K
  class space    used 3686K, committed 3904K, reserved 1048576K
}
Event: 7.653 GC heap before
{Heap before GC invocations=16 (full 0):
 garbage-first heap   total reserved 2054144K, committed 56320K, used 50140K [0x0000000082a00000, 0x0000000100000000)
  region size 1024K, 17 young (17408K), 2 survivors (2048K)
 Metaspace       used 37796K, committed 38208K, reserved 1114112K
  class space    used 3686K, committed 3904K, reserved 1048576K
}

Dll operation events (11 events):
Event: 0.023 Loaded shared library D:\new_sdk\bin\java.dll
Event: 0.028 Loaded shared library D:\new_sdk\bin\zip.dll
Event: 0.082 Loaded shared library D:\new_sdk\bin\jsvml.dll
Event: 0.504 Loaded shared library D:\new_sdk\bin\instrument.dll
Event: 0.613 Loaded shared library D:\new_sdk\bin\net.dll
Event: 0.615 Loaded shared library D:\new_sdk\bin\nio.dll
Event: 0.628 Loaded shared library D:\new_sdk\bin\zip.dll
Event: 0.859 Loaded shared library D:\new_sdk\bin\jimage.dll
Event: 3.297 Loaded shared library D:\new_sdk\bin\sunmscapi.dll
Event: 6.400 Loaded shared library D:\new_sdk\bin\management.dll
Event: 6.405 Loaded shared library D:\new_sdk\bin\management_ext.dll

Deoptimization events (20 events):
Event: 7.369 Thread 0x000001c170fc9ba0 DEOPT PACKING pc=0x000001c1008119b8 sp=0x00000099b3bfd070
Event: 7.369 Thread 0x000001c170fc9ba0 DEOPT UNPACKING pc=0x000001c107585722 sp=0x00000099b3bfc520 mode 0
Event: 7.378 Thread 0x000001c170fc9ba0 DEOPT PACKING pc=0x000001c1008119b8 sp=0x00000099b3bfd070
Event: 7.378 Thread 0x000001c170fc9ba0 DEOPT UNPACKING pc=0x000001c107585722 sp=0x00000099b3bfc520 mode 0
Event: 7.388 Thread 0x000001c170fc9ba0 DEOPT PACKING pc=0x000001c1008119b8 sp=0x00000099b3bfd070
Event: 7.388 Thread 0x000001c170fc9ba0 DEOPT UNPACKING pc=0x000001c107585722 sp=0x00000099b3bfc520 mode 0
Event: 7.396 Thread 0x000001c170fc9ba0 DEOPT PACKING pc=0x000001c1008119b8 sp=0x00000099b3bfd070
Event: 7.396 Thread 0x000001c170fc9ba0 DEOPT UNPACKING pc=0x000001c107585722 sp=0x00000099b3bfc520 mode 0
Event: 7.410 Thread 0x000001c170fc9ba0 DEOPT PACKING pc=0x000001c1008119b8 sp=0x00000099b3bfd070
Event: 7.410 Thread 0x000001c170fc9ba0 DEOPT UNPACKING pc=0x000001c107585722 sp=0x00000099b3bfc520 mode 0
Event: 7.419 Thread 0x000001c170fc9ba0 Uncommon trap: trap_request=0xffffffcc fr.pc=0x000001c107ca5ccc relative=0x000000000000214c
Event: 7.419 Thread 0x000001c170fc9ba0 Uncommon trap: reason=intrinsic_or_type_checked_inlining action=make_not_entrant pc=0x000001c107ca5ccc method=java.util.ArrayList$SubList.toArray([Ljava/lang/Object;)[Ljava/lang/Object; @ 58 c2
Event: 7.419 Thread 0x000001c170fc9ba0 DEOPT PACKING pc=0x000001c107ca5ccc sp=0x00000099b3bfd070
Event: 7.419 Thread 0x000001c170fc9ba0 DEOPT UNPACKING pc=0x000001c107654b82 sp=0x00000099b3bfcfd8 mode 2
Event: 7.423 Thread 0x000001c170fc9ba0 DEOPT PACKING pc=0x000001c1008119b8 sp=0x00000099b3bfd070
Event: 7.423 Thread 0x000001c170fc9ba0 DEOPT UNPACKING pc=0x000001c107585722 sp=0x00000099b3bfc520 mode 0
Event: 7.443 Thread 0x000001c170fc9ba0 DEOPT PACKING pc=0x000001c1008119b8 sp=0x00000099b3bfd070
Event: 7.443 Thread 0x000001c170fc9ba0 DEOPT UNPACKING pc=0x000001c107585722 sp=0x00000099b3bfc520 mode 0
Event: 7.462 Thread 0x000001c170fc9ba0 DEOPT PACKING pc=0x000001c1008119b8 sp=0x00000099b3bfd070
Event: 7.462 Thread 0x000001c170fc9ba0 DEOPT UNPACKING pc=0x000001c107585722 sp=0x00000099b3bfc520 mode 0

Classes loaded (20 events):
Event: 7.090 Loading class com/example/dictionary/DictionaryOptimiser/model/TernarySearchTree
Event: 7.090 Loading class com/example/dictionary/DictionaryOptimiser/model/TernarySearchTree done
Event: 7.091 Loading class com/example/dictionary/DictionaryOptimiser/model/CuckooFilter
Event: 7.091 Loading class com/example/dictionary/DictionaryOptimiser/model/CuckooFilter done
Event: 7.092 Loading class java/util/concurrent/ForkJoinTask$InterruptibleTask
Event: 7.092 Loading class java/util/concurrent/ForkJoinTask$InterruptibleTask done
Event: 7.092 Loading class com/example/dictionary/DictionaryOptimiser/model/BKTree
Event: 7.092 Loading class com/example/dictionary/DictionaryOptimiser/model/BKTree done
Event: 7.092 Loading class java/util/concurrent/ForkJoinPool$1
Event: 7.092 Loading class java/util/concurrent/ForkJoinPool$1 done
Event: 7.092 Loading class java/util/concurrent/ForkJoinPool$DefaultForkJoinWorkerThreadFactory
Event: 7.092 Loading class java/util/concurrent/ForkJoinPool$DefaultForkJoinWorkerThreadFactory done
Event: 7.092 Loading class com/example/dictionary/DictionaryOptimiser/model/FrequencyTracker
Event: 7.092 Loading class com/example/dictionary/DictionaryOptimiser/model/FrequencyTracker done
Event: 7.094 Loading class org/springframework/beans/factory/annotation/InitDestroyAnnotationBeanPostProcessor$LifecycleMethod
Event: 7.094 Loading class org/springframework/beans/factory/annotation/InitDestroyAnnotationBeanPostProcessor$LifecycleMethod done
Event: 7.102 Loading class com/example/dictionary/DictionaryOptimiser/model/TSTNode
Event: 7.102 Loading class com/example/dictionary/DictionaryOptimiser/model/TSTNode done
Event: 7.102 Loading class com/example/dictionary/DictionaryOptimiser/model/BKTree$Node
Event: 7.102 Loading class com/example/dictionary/DictionaryOptimiser/model/BKTree$Node done

Classes unloaded (0 events):
No events

Classes redefined (1 events):
Event: 0.567 Thread 0x000001c17e870c80 redefined class name=java.lang.Throwable, count=1

Internal exceptions (20 events):
Event: 5.853 Thread 0x000001c170fc9ba0 Exception <a 'java/lang/NoSuchMethodError'{0x0000000084d066e8}: 'void java.lang.invoke.DirectMethodHandle$Holder.invokeStatic(java.lang.Object, java.lang.Object, java.lang.Object, int, java.lang.Object)'> (0x0000000084d066e8) 
thrown [s\open\src\hotspot\share\interpreter\linkResolver.cpp, line 805]
Event: 6.085 Thread 0x000001c170fc9ba0 Exception <a 'java/lang/NoSuchMethodError'{0x0000000084563dc8}: 'java.lang.Object java.lang.invoke.DirectMethodHandle$Holder.invokeStaticInit(java.lang.Object, int, int, int, int)'> (0x0000000084563dc8) 
thrown [s\open\src\hotspot\share\interpreter\linkResolver.cpp, line 805]
Event: 6.119 Thread 0x000001c170fc9ba0 Exception <a 'java/lang/NoSuchMethodError'{0x00000000845cfbe0}: 'java.lang.Object java.lang.invoke.DirectMethodHandle$Holder.invokeStaticInit(java.lang.Object, java.lang.Object, int, int, int, int)'> (0x00000000845cfbe0) 
thrown [s\open\src\hotspot\share\interpreter\linkResolver.cpp, line 805]
Event: 6.312 Thread 0x000001c170fc9ba0 Exception <a 'java/lang/NoSuchMethodError'{0x000000008764bb08}: 'int java.lang.invoke.DirectMethodHandle$Holder.invokeVirtual(java.lang.Object, java.lang.Object, java.lang.Object, java.lang.Object)'> (0x000000008764bb08) 
thrown [s\open\src\hotspot\share\interpreter\linkResolver.cpp, line 805]
Event: 6.313 Thread 0x000001c170fc9ba0 Exception <a 'java/lang/NoSuchMethodError'{0x00000000876545f0}: 'int java.lang.invoke.DelegatingMethodHandle$Holder.reinvoke_L(java.lang.Object, java.lang.Object, java.lang.Object, java.lang.Object)'> (0x00000000876545f0) 
thrown [s\open\src\hotspot\share\interpreter\linkResolver.cpp, line 805]
Event: 6.446 Thread 0x000001c170fc9ba0 Exception <a 'java/io/FileNotFoundException'{0x00000000fffd0f08}> (0x00000000fffd0f08) 
thrown [s\open\src\hotspot\share\prims\jni.cpp, line 518]
Event: 6.504 Thread 0x000001c170fc9ba0 Exception <a 'java/io/IOException'{0x000000008a7e1e00}> (0x000000008a7e1e00) 
thrown [s\open\src\hotspot\share\prims\jni.cpp, line 518]
Event: 6.505 Thread 0x000001c170fc9ba0 Exception <a 'java/io/IOException'{0x000000008a7e2580}> (0x000000008a7e2580) 
thrown [s\open\src\hotspot\share\prims\jni.cpp, line 518]
Event: 6.507 Thread 0x000001c170fc9ba0 Exception <a 'java/io/IOException'{0x000000008a7e2cf0}> (0x000000008a7e2cf0) 
thrown [s\open\src\hotspot\share\prims\jni.cpp, line 518]
Event: 6.544 Thread 0x000001c170fc9ba0 Exception <a 'java/io/IOException'{0x000000008a678460}> (0x000000008a678460) 
thrown [s\open\src\hotspot\share\prims\jni.cpp, line 518]
Event: 6.547 Thread 0x000001c170fc9ba0 Exception <a 'java/io/IOException'{0x000000008a67ce28}> (0x000000008a67ce28) 
thrown [s\open\src\hotspot\share\prims\jni.cpp, line 518]
Event: 6.550 Thread 0x000001c170fc9ba0 Exception <a 'java/io/IOException'{0x000000008a67d940}> (0x000000008a67d940) 
thrown [s\open\src\hotspot\share\prims\jni.cpp, line 518]
Event: 6.589 Thread 0x000001c170fc9ba0 Exception <a 'java/lang/NoSuchMethodError'{0x0000000087632768}: 'int java.lang.invoke.DirectMethodHandle$Holder.invokeInterface(java.lang.Object, java.lang.Object, java.lang.Object, java.lang.Object)'> (0x0000000087632768) 
thrown [s\open\src\hotspot\share\interpreter\linkResolver.cpp, line 805]
Event: 6.745 Thread 0x000001c170fc9ba0 Exception <a 'java/lang/NoSuchMethodError'{0x00000000855c6610}: 'java.lang.Object java.lang.invoke.DirectMethodHandle$Holder.invokeStaticInit(java.lang.Object, java.lang.Object, java.lang.Object, java.lang.Object)'> (0x00000000855c6610) 
thrown [s\open\src\hotspot\share\interpreter\linkResolver.cpp, line 805]
Event: 6.749 Thread 0x000001c170fc9ba0 Exception <a 'java/lang/IncompatibleClassChangeError'{0x00000000855e0500}: Found class java.lang.Object, but interface was expected> (0x00000000855e0500) 
thrown [s\open\src\hotspot\share\interpreter\linkResolver.cpp, line 872]
Event: 6.751 Thread 0x000001c170fc9ba0 Exception <a 'java/lang/IncompatibleClassChangeError'{0x00000000855f68f0}: Found class java.lang.Object, but interface was expected> (0x00000000855f68f0) 
thrown [s\open\src\hotspot\share\interpreter\linkResolver.cpp, line 872]
Event: 6.760 Thread 0x000001c170fc9ba0 Exception <a 'java/lang/IncompatibleClassChangeError'{0x0000000085453d18}: Found class java.lang.Object, but interface was expected> (0x0000000085453d18) 
thrown [s\open\src\hotspot\share\interpreter\linkResolver.cpp, line 872]
Event: 6.949 Thread 0x000001c170fc9ba0 Exception <a 'java/lang/NoSuchMethodError'{0x0000000084edc470}: 'java.lang.Object java.lang.invoke.DirectMethodHandle$Holder.invokeStatic(java.lang.Object, java.lang.Object, java.lang.Object, java.lang.Object, java.lang.Object, java.lang.Object, java.lang.Object, java.lang.Object, java.lang.Object)'> (0x0000000084edc470) 
thrown [s\open\src\hotspot\share\interpreter\linkResolver.cpp, line 805]
Event: 7.039 Thread 0x000001c170fc9ba0 Exception <a 'java/lang/NoSuchMethodError'{0x0000000084badf00}: 'long java.lang.invoke.DirectMethodHandle$Holder.invokeVirtual(java.lang.Object, java.lang.Object)'> (0x0000000084badf00) 
thrown [s\open\src\hotspot\share\interpreter\linkResolver.cpp, line 805]
Event: 7.080 Thread 0x000001c170fc9ba0 Exception <a 'java/lang/NoSuchMethodError'{0x0000000084906b68}: 'void java.lang.invoke.Invokers$Holder.invokeExact_MT(java.lang.Object, java.lang.Object, java.lang.Object, java.lang.Object)'> (0x0000000084906b68) 
thrown [s\open\src\hotspot\share\interpreter\linkResolver.cpp, line 805]

VM Operations (20 events):
Event: 6.999 Executing VM operation: HandshakeAllThreads (Deoptimize) done
Event: 7.000 Executing VM operation: HandshakeAllThreads (Deoptimize)
Event: 7.000 Executing VM operation: HandshakeAllThreads (Deoptimize) done
Event: 7.051 Executing VM operation: HandshakeAllThreads (Deoptimize)
Event: 7.051 Executing VM operation: HandshakeAllThreads (Deoptimize) done
Event: 7.151 Executing VM operation: G1CollectForAllocation (G1 Evacuation Pause)
Event: 7.157 Executing VM operation: G1CollectForAllocation (G1 Evacuation Pause) done
Event: 7.315 Executing VM operation: G1CollectForAllocation (G1 Evacuation Pause)
Event: 7.322 Executing VM operation: G1CollectForAllocation (G1 Evacuation Pause) done
Event: 7.397 Executing VM operation: G1CollectForAllocation (G1 Evacuation Pause)
Event: 7.403 Executing VM operation: G1CollectForAllocation (G1 Evacuation Pause) done
Event: 7.509 Executing VM operation: G1CollectForAllocation (G1 Evacuation Pause)
Event: 7.515 Executing VM operation: G1CollectForAllocation (G1 Evacuation Pause) done
Event: 7.561 Executing VM operation: G1PauseRemark
Event: 7.564 Executing VM operation: G1PauseRemark done
Event: 7.587 Executing VM operation: G1PauseCleanup
Event: 7.587 Executing VM operation: G1PauseCleanup done
Event: 7.589 Executing VM operation: G1CollectForAllocation (G1 Evacuation Pause)
Event: 7.593 Executing VM operation: G1CollectForAllocation (G1 Evacuation Pause) done
Event: 7.653 Executing VM operation: G1CollectForAllocation (G1 Evacuation Pause)

Memory protections (0 events):
No events

Nmethod flushes (20 events):
Event: 7.564 Thread 0x000001c17e870c80 flushing  nmethod 0x000001c10043fe08
Event: 7.564 Thread 0x000001c17e870c80 flushing  nmethod 0x000001c100440808
Event: 7.564 Thread 0x000001c17e870c80 flushing  nmethod 0x000001c100443708
Event: 7.564 Thread 0x000001c17e870c80 flushing  nmethod 0x000001c1004a1588
Event: 7.564 Thread 0x000001c17e870c80 flushing  nmethod 0x000001c1004a8e08
Event: 7.564 Thread 0x000001c17e870c80 flushing  nmethod 0x000001c1004c9588
Event: 7.564 Thread 0x000001c17e870c80 flushing  nmethod 0x000001c1004ca688
Event: 7.564 Thread 0x000001c17e870c80 flushing  nmethod 0x000001c10050e308
Event: 7.564 Thread 0x000001c17e870c80 flushing  nmethod 0x000001c100532308
Event: 7.564 Thread 0x000001c17e870c80 flushing  nmethod 0x000001c100534608
Event: 7.564 Thread 0x000001c17e870c80 flushing  nmethod 0x000001c100534f08
Event: 7.564 Thread 0x000001c17e870c80 flushing  nmethod 0x000001c1005da208
Event: 7.564 Thread 0x000001c17e870c80 flushing  nmethod 0x000001c1005dbc88
Event: 7.564 Thread 0x000001c17e870c80 flushing  nmethod 0x000001c1005dc588
Event: 7.564 Thread 0x000001c17e870c80 flushing  nmethod 0x000001c1005e2c88
Event: 7.564 Thread 0x000001c17e870c80 flushing  nmethod 0x000001c1005e3a88
Event: 7.564 Thread 0x000001c17e870c80 flushing  nmethod 0x000001c100652988
Event: 7.564 Thread 0x000001c17e870c80 flushing  nmethod 0x000001c100758608
Event: 7.564 Thread 0x000001c17e870c80 flushing  nmethod 0x000001c100758c88
Event: 7.564 Thread 0x000001c17e870c80 flushing  nmethod 0x000001c100759308

Events (20 events):
Event: 0.078 Thread 0x000001c170fc9ba0 Thread added: 0x000001c17e884aa0
Event: 0.078 Thread 0x000001c170fc9ba0 Thread added: 0x000001c17e886f20
Event: 0.078 Thread 0x000001c170fc9ba0 Thread added: 0x000001c17e887e60
Event: 0.078 Thread 0x000001c170fc9ba0 Thread added: 0x000001c17e88ad70
Event: 0.079 Thread 0x000001c170fc9ba0 Thread added: 0x000001c17e891d10
Event: 0.079 Thread 0x000001c170fc9ba0 Thread added: 0x000001c17e8a2080
Event: 0.079 Thread 0x000001c170fc9ba0 Thread added: 0x000001c17e8a5830
Event: 0.466 Thread 0x000001c170fc9ba0 Thread added: 0x000001c1561f74f0
Event: 0.467 Thread 0x000001c170fc9ba0 Thread added: 0x000001c1561f9c50
Event: 0.467 Thread 0x000001c1561f74f0 Thread added: 0x000001c1561fc7c0
Event: 0.576 Thread 0x000001c170fc9ba0 Thread added: 0x000001c17e8948f0
Event: 0.591 Thread 0x000001c170fc9ba0 Thread added: 0x000001c17e893300
Event: 0.706 Thread 0x000001c17e8a2080 Thread added: 0x000001c156513530
Event: 2.260 Thread 0x000001c170fc9ba0 Thread added: 0x000001c1571df8a0
Event: 3.107 Thread 0x000001c170fc9ba0 Thread added: 0x000001c1571e0e90
Event: 3.232 Thread 0x000001c1571e0e90 Thread exited: 0x000001c1571e0e90
Event: 3.323 Thread 0x000001c1571df8a0 Thread exited: 0x000001c1571df8a0
Event: 7.061 Thread 0x000001c170fc9ba0 Thread added: 0x000001c15ea44a20
Event: 7.064 Thread 0x000001c15ea44a20 Thread added: 0x000001c15ea458c0
Event: 7.071 Thread 0x000001c170fc9ba0 Thread added: 0x000001c15ea46eb0


Dynamic libraries:
0x00007ff604cd0000 - 0x00007ff604ce0000 	D:\new_sdk\bin\java.exe
0x00007ff835f90000 - 0x00007ff836188000 	C:\Windows\SYSTEM32\ntdll.dll
0x00007ff834c90000 - 0x00007ff834d52000 	C:\Windows\System32\KERNEL32.DLL
0x00007ff833b40000 - 0x00007ff833e36000 	C:\Windows\System32\KERNELBASE.dll
0x00007ff833650000 - 0x00007ff833750000 	C:\Windows\System32\ucrtbase.dll
0x00007ff82aef0000 - 0x00007ff82af0b000 	D:\new_sdk\bin\VCRUNTIME140.dll
0x00007ff82d5d0000 - 0x00007ff82d5e6000 	D:\new_sdk\bin\jli.dll
0x00007ff81fd20000 - 0x00007ff81ffba000 	C:\Windows\WinSxS\amd64_microsoft.windows.common-controls_6595b64144ccf1df_6.0.19041.4355_none_60b8b9eb71f62e16\COMCTL32.dll
0x00007ff835190000 - 0x00007ff83532d000 	C:\Windows\System32\USER32.dll
0x00007ff8349c0000 - 0x00007ff834a5e000 	C:\Windows\System32\msvcrt.dll
0x00007ff833950000 - 0x00007ff833972000 	C:\Windows\System32\win32u.dll
0x00007ff835f10000 - 0x00007ff835f3b000 	C:\Windows\System32\GDI32.dll
0x00007ff833e40000 - 0x00007ff833f5a000 	C:\Windows\System32\gdi32full.dll
0x00007ff8338b0000 - 0x00007ff83394d000 	C:\Windows\System32\msvcp_win.dll
0x00007ff835390000 - 0x00007ff8353bf000 	C:\Windows\System32\IMM32.DLL
0x00007ff827330000 - 0x00007ff82733c000 	D:\new_sdk\bin\vcruntime140_1.dll
0x00007ff802e60000 - 0x00007ff802eee000 	D:\new_sdk\bin\msvcp140.dll
0x00007fffdc390000 - 0x00007fffdd132000 	D:\new_sdk\bin\server\jvm.dll
0x00007ff8356f0000 - 0x00007ff83579f000 	C:\Windows\System32\ADVAPI32.dll
0x00007ff835520000 - 0x00007ff8355bf000 	C:\Windows\System32\sechost.dll
0x00007ff834e50000 - 0x00007ff834f73000 	C:\Windows\System32\RPCRT4.dll
0x00007ff833620000 - 0x00007ff833647000 	C:\Windows\System32\bcrypt.dll
0x00007ff8353c0000 - 0x00007ff83542b000 	C:\Windows\System32\WS2_32.dll
0x00007ff833480000 - 0x00007ff8334cb000 	C:\Windows\SYSTEM32\POWRPROF.dll
0x00007ff81d440000 - 0x00007ff81d467000 	C:\Windows\SYSTEM32\WINMM.dll
0x00007ff828af0000 - 0x00007ff828afa000 	C:\Windows\SYSTEM32\VERSION.dll
0x00007ff8333b0000 - 0x00007ff8333c2000 	C:\Windows\SYSTEM32\UMPDC.dll
0x00007ff831e40000 - 0x00007ff831e52000 	C:\Windows\SYSTEM32\kernel.appcore.dll
0x00007ff827320000 - 0x00007ff82732a000 	D:\new_sdk\bin\jimage.dll
0x00007ff8308d0000 - 0x00007ff830ab4000 	C:\Windows\SYSTEM32\DBGHELP.DLL
0x00007ff818ab0000 - 0x00007ff818ae4000 	C:\Windows\SYSTEM32\dbgcore.DLL
0x00007ff833a30000 - 0x00007ff833ab2000 	C:\Windows\System32\bcryptPrimitives.dll
0x00007ff8272c0000 - 0x00007ff8272fc000 	D:\new_sdk\bin\jdwp.dll
0x00007ff8272b0000 - 0x00007ff8272bf000 	D:\new_sdk\bin\instrument.dll
0x00007ff827300000 - 0x00007ff82731e000 	D:\new_sdk\bin\java.dll
0x00007ff835060000 - 0x00007ff83518b000 	C:\Windows\System32\ole32.dll
0x00007ff8344a0000 - 0x00007ff8347f5000 	C:\Windows\System32\combase.dll
0x00007ff8357a0000 - 0x00007ff835f0f000 	C:\Windows\System32\SHELL32.dll
0x00007ff81f8e0000 - 0x00007ff81f8f7000 	D:\new_sdk\bin\zip.dll
0x00007ff831680000 - 0x00007ff831e23000 	C:\Windows\SYSTEM32\windows.storage.dll
0x00007ff832f80000 - 0x00007ff832fab000 	C:\Windows\SYSTEM32\Wldp.dll
0x00007ff835430000 - 0x00007ff8354fd000 	C:\Windows\System32\OLEAUT32.dll
0x00007ff834ac0000 - 0x00007ff834b6d000 	C:\Windows\System32\SHCORE.dll
0x00007ff834df0000 - 0x00007ff834e45000 	C:\Windows\System32\shlwapi.dll
0x00007ff833550000 - 0x00007ff833575000 	C:\Windows\SYSTEM32\profapi.dll
0x00007ffff1640000 - 0x00007ffff1717000 	D:\new_sdk\bin\jsvml.dll
0x00007ff81f770000 - 0x00007ff81f77c000 	D:\new_sdk\bin\dt_socket.dll
0x00007ff8329c0000 - 0x00007ff8329fb000 	C:\Windows\SYSTEM32\IPHLPAPI.DLL
0x00007ff832ce0000 - 0x00007ff832d4c000 	C:\Windows\system32\mswsock.dll
0x00007ff820c70000 - 0x00007ff820c80000 	D:\new_sdk\bin\net.dll
0x00007ff81f7a0000 - 0x00007ff81f7b6000 	D:\new_sdk\bin\nio.dll
0x00007ff81f760000 - 0x00007ff81f76e000 	D:\new_sdk\bin\sunmscapi.dll
0x00007ff833750000 - 0x00007ff8338ad000 	C:\Windows\System32\CRYPT32.dll
0x00007ff832ff0000 - 0x00007ff833017000 	C:\Windows\SYSTEM32\ncrypt.dll
0x00007ff832fb0000 - 0x00007ff832feb000 	C:\Windows\SYSTEM32\NTASN1.dll
0x00007ff832ed0000 - 0x00007ff832ee8000 	C:\Windows\SYSTEM32\CRYPTSP.dll
0x00007ff832600000 - 0x00007ff832638000 	C:\Windows\system32\rsaenh.dll
0x00007ff8334d0000 - 0x00007ff8334fe000 	C:\Windows\SYSTEM32\USERENV.dll
0x00007ff832ef0000 - 0x00007ff832efc000 	C:\Windows\SYSTEM32\CRYPTBASE.dll
0x00007ff8349b0000 - 0x00007ff8349b8000 	C:\Windows\System32\NSI.dll
0x00007ff81f070000 - 0x00007ff81f07a000 	D:\new_sdk\bin\management.dll
0x00007ff81ec90000 - 0x00007ff81ec9b000 	D:\new_sdk\bin\management_ext.dll
0x00007ff833fb0000 - 0x00007ff833fb8000 	C:\Windows\System32\PSAPI.DLL

JVMTI agents:
jdwp path:D:\new_sdk\bin\jdwp.dll, loaded, initialized, options:transport=dt_socket,address=127.0.0.1:49546,suspend=y,server=n
C:\Users\Dell\AppData\Local\JetBrains\IdeaIC2024.3\captureAgent\debugger-agent.jar path:D:\new_sdk\bin\instrument.dll, loaded, initialized, instrumentlib options:none

dbghelp: loaded successfully - version: 4.0.5 - missing functions: none
symbol engine: initialized successfully - sym options: 0x614 - pdb path: .;D:\new_sdk\bin;C:\Windows\SYSTEM32;C:\Windows\WinSxS\amd64_microsoft.windows.common-controls_6595b64144ccf1df_6.0.19041.4355_none_60b8b9eb71f62e16;D:\new_sdk\bin\server

VM Arguments:
jvm_args: -agentlib:jdwp=transport=dt_socket,address=127.0.0.1:49546,suspend=y,server=n -javaagent:C:\Users\Dell\AppData\Local\JetBrains\IdeaIC2024.3\captureAgent\debugger-agent.jar -Dkotlinx.coroutines.debug.enable.creation.stack.trace=false -Ddebugger.agent.enable.coroutines=true -Dkotlinx.coroutines.debug.enable.flows.stack.trace=true -Dkotlinx.coroutines.debug.enable.mutable.state.flows.stack.trace=true -Dfile.encoding=UTF-8 -Dsun.stdout.encoding=UTF-8 -Dsun.stderr.encoding=UTF-8 
java_command: com.example.dictionary.DictionaryOptimiser.DictionaryOptimiserApplication
java_class_path (initial): D:\DictionaryOptimiser\target\classes;C:\Users\Dell\.m2\repository\org\springframework\boot\spring-boot-starter-actuator\3.4.5\spring-boot-starter-actuator-3.4.5.jar;C:\Users\Dell\.m2\repository\org\springframework\boot\spring-boot-starter\3.4.5\spring-boot-starter-3.4.5.jar;C:\Users\Dell\.m2\repository\org\springframework\boot\spring-boot-starter-logging\3.4.5\spring-boot-starter-logging-3.4.5.jar;C:\Users\Dell\.m2\repository\ch\qos\logback\logback-classic\1.5.18\logback-classic-1.5.18.jar;C:\Users\Dell\.m2\repository\ch\qos\logback\logback-core\1.5.18\logback-core-1.5.18.jar;C:\Users\Dell\.m2\repository\org\apache\logging\log4j\log4j-to-slf4j\2.24.3\log4j-to-slf4j-2.24.3.jar;C:\Users\Dell\.m2\repository\org\apache\logging\log4j\log4j-api\2.24.3\log4j-api-2.24.3.jar;C:\Users\Dell\.m2\repository\org\slf4j\jul-to-slf4j\2.0.17\jul-to-slf4j-2.0.17.jar;C:\Users\Dell\.m2\repository\jakarta\annotation\jakarta.annotation-api\2.1.1\jakarta.annotation-api-2.1.1.jar;C:\Users\Dell\.m2\repository\org\yaml\snakeyaml\2.3\snakeyaml-2.3.jar;C:\Users\Dell\.m2\repository\org\springframework\boot\spring-boot-actuator-autoconfigure\3.4.5\spring-boot-actuator-autoconfigure-3.4.5.jar;C:\Users\Dell\.m2\repository\org\springframework\boot\spring-boot-actuator\3.4.5\spring-boot-actuator-3.4.5.jar;C:\Users\Dell\.m2\repository\com\fasterxml\jackson\core\jackson-databind\2.18.3\jackson-databind-2.18.3.jar;C:\Users\Dell\.m2\repository\com\fasterxml\jackson\core\jackson-annotations\2.18.3\jackson-annotations-2.18.3.jar;C:\Users\Dell\.m2\repository\com\fasterxml\jackson\core\jackson-core\2.18.3\jackson-core-2.18.3.jar;C:\Users\Dell\.m2\repository\com\fasterxml\jackson\datatype\jackson-datatype-jsr310\2.18.3\jackson-datatype-jsr310-2.18.3.jar;C:\Users\Dell\.m2\repository\io\micrometer\micrometer-observation\1.14.6\micrometer-observation-1.14.6.jar;C:\Users\Dell\.m2\repository\io\micrometer\micrometer-commons\1.14.6\micrometer-commons-1.14.6.jar;C:\Users\Dell\.m2\repository\io\micrometer\micrometer-jakarta9\1.14.6\micrometer-jakarta9-1.14.6.jar;C:\Users\Dell\.m2\repository\io\micrometer\micrometer-core\1.14.6\micrometer-core-1.14.6.jar;C:\Users\Dell\.m2\repository\org\hdrhistogram\HdrHistogram\2.2.2\HdrHistogram-2.2.2.jar;C:\Users\Dell\.m2\repository\org\latencyutils\LatencyUtils\2.0.3\LatencyUtils-2.0.3.jar;C:\Users\Dell\.m2\repository\org\springframework\boot\spring-boot-starter-data-jpa\3.4.5\spring-boot-starter-data-jpa-3.4.5.jar;C:\Users\Dell\.m2\repository\org\springframework\boot\spring-boot-starter-jdbc\3.4.5\spring-boot-starter-jdbc-3.4.5.jar;C:\Users\Dell\.m2\repository\com\zaxxer\HikariCP\5.1.0\HikariCP-5.1.0.jar;C:\Users\Dell\.m2\repository\org\springframework\spring-jdbc\6.2.6\spring-jdbc-6.2.6.jar;C:\Users\Dell\.m2\repository\org\hibernate\orm\hibernate-core\6.6.13.Final\hibernate-core-6.6.13.Final.jar;C:\Users\Dell\.m2\repository\jakarta\persistence\jakarta.persistence-api\3.1.0\jakarta.persistence-api-3.1.0.jar;C:\Users\Dell\.m2\repository\jakarta\transaction\jakarta.transaction-api\2.0.1\jakarta.transaction-api-2.0.1.jar;C:\Users\Dell\.m2\repository\org\jboss\logging\jboss-logging\3.6.1.Final\jboss-logging-3.6.1.Final.jar;C:\Users\Dell\.m2\repository\org\hibernate\common\hibernate-commons-annotations\7.0.3.Final\hibernate-commons-annotations-7.0.3.Final.jar;C:\Users\Dell\.m2\repository\io\smallrye\jandex\3.2.0\jandex-3.2.0.jar;C:\Users\Dell\.m2\repository\com\fasterxml\classmate\1.7.0\classmate-1.7.0.jar;C:\Users\Dell\.m2\repository\net\bytebuddy\byte-buddy\1.15.11\byte-buddy-1.15.11.jar;C:\Users\Dell\.m2\repository\org\glassfish\jaxb\jaxb-runtime\4.0.5\jaxb-runtime-4.0.5.jar;C:\Users\Dell\.m2\repository\org\glassfish\jaxb\jaxb-core\4.0.5\jaxb-core-4.0.5.jar;C:\Users\Dell\.m2\repository\org\eclipse\angus\angus-activation\2.0.2\angus-activation-2.0.2.jar;C:\Users\Dell\.m2\repository\org\glassfish\jaxb\txw2\4.0.5\txw2-4.0.5.jar;C:\Users\Dell\.m2\repository\com\sun\istack\istack-commons-runtime\4.1.2\istack-commons-runtime-4.1.2.jar;C:\Users\Dell\.m2\repository\jakarta\inject\jakarta.inject-api\2.0.1\jakarta.inject-api-2.0.1.jar;C:\Users\Dell\.m2\repository\org\antlr\antlr4-runtime\4.13.0\antlr4-runtime-4.13.0.jar;C:\Users\Dell\.m2\repository\org\springframework\data\spring-data-jpa\3.4.5\spring-data-jpa-3.4.5.jar;C:\Users\Dell\.m2\repository\org\springframework\data\spring-data-commons\3.4.5\spring-data-commons-3.4.5.jar;C:\Users\Dell\.m2\repository\org\springframework\spring-orm\6.2.6\spring-orm-6.2.6.jar;C:\Users\Dell\.m2\repository\org\springframework\spring-context\6.2.6\spring-context-6.2.6.jar;C:\Users\Dell\.m2\repository\org\springframework\spring-aop\6.2.6\spring-aop-6.2.6.jar;C:\Users\Dell\.m2\repository\org\springframework\spring-tx\6.2.6\spring-tx-6.2.6.jar;C:\Users\Dell\.m2\repository\org\springframework\spring-beans\6.2.6\spring-beans-6.2.6.jar;C:\Users\Dell\.m2\repository\org\slf4j\slf4j-api\2.0.17\slf4j-api-2.0.17.jar;C:\Users\Dell\.m2\repository\org\springframework\spring-aspects\6.2.6\spring-aspects-6.2.6.jar;C:\Users\Dell\.m2\repository\org\aspectj\aspectjweaver\1.9.24\aspectjweaver-1.9.24.jar;C:\Users\Dell\.m2\repository\org\springframework\boot\spring-boot-starter-web\3.4.5\spring-boot-starter-web-3.4.5.jar;C:\Users\Dell\.m2\repository\org\springframework\boot\spring-boot-starter-json\3.4.5\spring-boot-starter-json-3.4.5.jar;C:\Users\Dell\.m2\repository\com\fasterxml\jackson\datatype\jackson-datatype-jdk8\2.18.3\jackson-datatype-jdk8-2.18.3.jar;C:\Users\Dell\.m2\repository\com\fasterxml\jackson\module\jackson-module-parameter-names\2.18.3\jackson-module-parameter-names-2.18.3.jar;C:\Users\Dell\.m2\repository\org\springframework\boot\spring-boot-starter-tomcat\3.4.5\spring-boot-starter-tomcat-3.4.5.jar;C:\Users\Dell\.m2\repository\org\apache\tomcat\embed\tomcat-embed-core\10.1.40\tomcat-embed-core-10.1.40.jar;C:\Users\Dell\.m2\repository\org\apache\tomcat\embed\tomcat-embed-el\10.1.40\tomcat-embed-el-10.1.40.jar;C:\Users\Dell\.m2\repository\org\apache\tomcat\embed\tomcat-embed-websocket\10.1.40\tomcat-embed-websocket-10.1.40.jar;C:\Users\Dell\.m2\repository\org\springframework\spring-web\6.2.6\spring-web-6.2.6.jar;C:\Users\Dell\.m2\repository\org\springframework\spring-webmvc\6.2.6\spring-webmvc-6.2.6.jar;C:\Users\Dell\.m2\repository\org\springframework\spring-expression\6.2.6\spring-expression-6.2.6.jar;C:\Users\Dell\.m2\repository\org\springframework\boot\spring-boot-autoconfigure\3.4.5\spring-boot-autoconfigure-3.4.5.jar;C:\Users\Dell\.m2\repository\org\springframework\boot\spring-boot\3.4.5\spring-boot-3.4.5.jar;C:\Users\Dell\.m2\repository\jakarta\xml\bind\jakarta.xml.bind-api\4.0.2\jakarta.xml.bind-api-4.0.2.jar;C:\Users\Dell\.m2\repository\jakarta\activation\jakarta.activation-api\2.1.3\jakarta.activation-api-2.1.3.jar;C:\Users\Dell\.m2\repository\org\springframework\spring-core\6.2.6\spring-core-6.2.6.jar;C:\Users\Dell\.m2\repository\org\springframework\spring-jcl\6.2.6\spring-jcl-6.2.6.jar;D:\IntelliJ IDEA Community Edition 2024.3\lib\idea_rt.jar
Launcher Type: SUN_STANDARD

[Global flags]
     intx CICompilerCount                          = 3                                         {product} {ergonomic}
     uint ConcGCThreads                            = 1                                         {product} {ergonomic}
     uint G1ConcRefinementThreads                  = 4                                         {product} {ergonomic}
   size_t G1HeapRegionSize                         = 1048576                                   {product} {ergonomic}
   size_t InitialHeapSize                          = 132120576                                 {product} {ergonomic}
   size_t MarkStackSize                            = 4194304                                   {product} {ergonomic}
   size_t MarkStackSizeMax                         = 536870912                                 {product} {ergonomic}
   size_t MaxHeapSize                              = 2103443456                                {product} {ergonomic}
   size_t MaxNewSize                               = 1261436928                                {product} {ergonomic}
   size_t MinHeapDeltaBytes                        = 1048576                                   {product} {ergonomic}
   size_t MinHeapSize                              = 8388608                                   {product} {ergonomic}
    uintx NonNMethodCodeHeapSize                   = 5832704                                {pd product} {ergonomic}
    uintx NonProfiledCodeHeapSize                  = 122945536                              {pd product} {ergonomic}
    uintx ProfiledCodeHeapSize                     = 122880000                              {pd product} {ergonomic}
    uintx ReservedCodeCacheSize                    = 251658240                              {pd product} {ergonomic}
     bool SegmentedCodeCache                       = true                                      {product} {ergonomic}
   size_t SoftMaxHeapSize                          = 2103443456                             {manageable} {ergonomic}
     bool UseCompressedOops                        = true                           {product lp64_product} {ergonomic}
     bool UseG1GC                                  = true                                      {product} {ergonomic}
     bool UseLargePagesIndividualAllocation        = false                                  {pd product} {ergonomic}

Logging:
Log output configuration:
 #0: stdout all=warning uptime,level,tags foldmultilines=false
 #1: stderr all=off uptime,level,tags foldmultilines=false

Environment Variables:
PATH=C:\Program Files\Common Files\Oracle\Java\javapath;C:\Python32\Scripts\;C:\Python32\;C:\Program Files\Python311\Scripts\;C:\Program Files\Python311\;C:\Windows\system32;C:\Windows;C:\Windows\System32\Wbem;C:\Windows\System32\WindowsPowerShell\v1.0\;C:\Windows\System32\OpenSSH\;C:\ProgramData\chocolatey\bin;C:\Program Files (x86)\Windows Kits\8.1\Windows Performance Toolkit\;C:\MinGW\bin;C:\Users\Dell\Desktop\html,css\project_folder\;C:\Program Files\dotnet\;D:\GenAI\ffmpeg-master-latest-win64-gpl.zip\ffmpeg-master-latest-win64-gpl\bin;?D:\DTL\ngrok-v3-stable-windows-amd64;D:\Miscellaneous\lilypond2\lilypond-2.24.4\bin\lilypond.exe;D:\Git\cmd;D:\Rev\;D:\Rev\node.exe;?D:\Skill\bin;D:\GenAI\ffmpeg-master-latest-win64-gpl\ffmpeg-master-latest-win64-gpl\bin;?D:\new_sdk\bin;D:\mav\maven-mvnd-1.0.2-windows-amd64\bin;C:\Users\Dell\AppData\Local\Microsoft\WindowsApps;C:\Users\Dell\AppData\Local\Programs\Microsoft VS Code\bin;C:\Users\Dell\.dotnet\tools;D:\IntelliJ IDEA Community Edition 2024.3\bin;;D:\GenAI\ffmpeg-master-latest-win64-gpl.zip\ffmpeg-master-latest-win64-gpl\bin;C:\Users\Dell\AppData\Roaming\npm;D:\Rev\node.exe;?D:\Skill\bin;D:\GenAI\ffmpeg-master-latest-win64-gpl\ffmpeg-master-latest-win64-gpl\bin;?D:\new_sdk\bin;D:\mav\maven-mvnd-1.0.2-windows-amd64\bin;
USERNAME=Dell
OS=Windows_NT
PROCESSOR_IDENTIFIER=Intel64 Family 6 Model 78 Stepping 3, GenuineIntel
TMP=C:\Users\Dell\AppData\Local\Temp
TEMP=C:\Users\Dell\AppData\Local\Temp




Periodic native trim disabled

---------------  S Y S T E M  ---------------

OS:
 Windows 10 , 64 bit Build 19041 (10.0.19041.5678)
OS uptime: 8 days 20:26 hours

CPU: total 4 (initial active 4) (2 cores per cpu, 2 threads per core) family 6 model 78 stepping 3 microcode 0xf0, cx8, cmov, fxsr, ht, mmx, 3dnowpref, sse, sse2, sse3, ssse3, sse4.1, sse4.2, popcnt, lzcnt, tsc, tscinvbit, avx, avx2, aes, erms, clmul, bmi1, bmi2, rtm, adx, fma, vzeroupper, clflush, clflushopt, rdtscp, f16c
Processor Information for the first 4 processors :
  Max Mhz: 2501, Current Mhz: 2501, Mhz Limit: 2501

Memory: 4k page, system-wide physical 8018M (631M free)
TotalPageFile size 10611M (AvailPageFile size 33M)
current process WorkingSet (physical memory assigned to process): 269M, peak: 273M
current process commit charge ("private bytes"): 325M, peak: 372M

vm_info: Java HotSpot(TM) 64-Bit Server VM (24.0.1+9-30) for windows-amd64 JRE (24.0.1+9-30), built on 2025-03-05T07:23:45Z with MS VC++ 17.6 (VS2022)

END.
